Analysis & Synthesis report for CalculatorVHDL
Mon Oct 09 22:43:40 2023
Quartus Prime Version 20.1.1 Build 720 11/11/2020 SJ Lite Edition


---------------------
; Table of Contents ;
---------------------
  1. Legal Notice
  2. Analysis & Synthesis Summary
  3. Analysis & Synthesis Settings
  4. Parallel Compilation
  5. Analysis & Synthesis Source Files Read
  6. Analysis & Synthesis Resource Usage Summary
  7. Analysis & Synthesis Resource Utilization by Entity
  8. State Machine - |CalculatorVHDL|FSM:FSM|current_state
  9. Registers Removed During Synthesis
 10. General Register Statistics
 11. Multiplexer Restructuring Statistics (Restructuring Performed)
 12. Parameter Settings for User Entity Instance: Top-level Entity: |CalculatorVHDL
 13. Parameter Settings for User Entity Instance: FSM:FSM
 14. Parameter Settings for User Entity Instance: BinaryAdderAndSubtractor:Adder
 15. Parameter Settings for User Entity Instance: BinaryAdderAndSubtractor:Subtractor
 16. Port Connectivity Checks: "BinaryAdderAndSubtractor:Subtractor"
 17. Port Connectivity Checks: "BinaryAdderAndSubtractor:Adder"
 18. Port Connectivity Checks: "OperatorSelector:OperatorSelector"
 19. Post-Synthesis Netlist Statistics for Top Partition
 20. Elapsed Time Per Partition
 21. Analysis & Synthesis Messages



----------------
; Legal Notice ;
----------------
Copyright (C) 2020  Intel Corporation. All rights reserved.
Your use of Intel Corporation's design tools, logic functions 
and other software and tools, and any partner logic 
functions, and any output files from any of the foregoing 
(including device programming or simulation files), and any 
associated documentation or information are expressly subject 
to the terms and conditions of the Intel Program License 
Subscription Agreement, the Intel Quartus Prime License Agreement,
the Intel FPGA IP License Agreement, or other applicable license
agreement, including, without limitation, that your use is for
the sole purpose of programming logic devices manufactured by
Intel and sold by Intel or its authorized distributors.  Please
refer to the applicable agreement for further details, at
https://fpgasoftware.intel.com/eula.



+----------------------------------------------------------------------------------+
; Analysis & Synthesis Summary                                                     ;
+------------------------------------+---------------------------------------------+
; Analysis & Synthesis Status        ; Successful - Mon Oct 09 22:43:40 2023       ;
; Quartus Prime Version              ; 20.1.1 Build 720 11/11/2020 SJ Lite Edition ;
; Revision Name                      ; CalculatorVHDL                              ;
; Top-level Entity Name              ; CalculatorVHDL                              ;
; Family                             ; MAX 10                                      ;
; Total logic elements               ; 0                                           ;
;     Total combinational functions  ; 0                                           ;
;     Dedicated logic registers      ; 0                                           ;
; Total registers                    ; 0                                           ;
; Total pins                         ; 13                                          ;
; Total virtual pins                 ; 0                                           ;
; Total memory bits                  ; 0                                           ;
; Embedded Multiplier 9-bit elements ; 0                                           ;
; Total PLLs                         ; 0                                           ;
; UFM blocks                         ; 0                                           ;
; ADC blocks                         ; 0                                           ;
+------------------------------------+---------------------------------------------+


+------------------------------------------------------------------------------------------------------------+
; Analysis & Synthesis Settings                                                                              ;
+------------------------------------------------------------------+--------------------+--------------------+
; Option                                                           ; Setting            ; Default Value      ;
+------------------------------------------------------------------+--------------------+--------------------+
; Device                                                           ; 10M50DAF484C7G     ;                    ;
; Top-level entity name                                            ; CalculatorVHDL     ; CalculatorVHDL     ;
; Family name                                                      ; MAX 10             ; Cyclone V          ;
; Use smart compilation                                            ; Off                ; Off                ;
; Enable parallel Assembler and Timing Analyzer during compilation ; On                 ; On                 ;
; Enable compact report table                                      ; Off                ; Off                ;
; Restructure Multiplexers                                         ; Auto               ; Auto               ;
; Create Debugging Nodes for IP Cores                              ; Off                ; Off                ;
; Preserve fewer node names                                        ; On                 ; On                 ;
; Intel FPGA IP Evaluation Mode                                    ; Enable             ; Enable             ;
; Verilog Version                                                  ; Verilog_2001       ; Verilog_2001       ;
; VHDL Version                                                     ; VHDL_1993          ; VHDL_1993          ;
; State Machine Processing                                         ; Auto               ; Auto               ;
; Safe State Machine                                               ; Off                ; Off                ;
; Extract Verilog State Machines                                   ; On                 ; On                 ;
; Extract VHDL State Machines                                      ; On                 ; On                 ;
; Ignore Verilog initial constructs                                ; Off                ; Off                ;
; Iteration limit for constant Verilog loops                       ; 5000               ; 5000               ;
; Iteration limit for non-constant Verilog loops                   ; 250                ; 250                ;
; Add Pass-Through Logic to Inferred RAMs                          ; On                 ; On                 ;
; Infer RAMs from Raw Logic                                        ; On                 ; On                 ;
; Parallel Synthesis                                               ; On                 ; On                 ;
; DSP Block Balancing                                              ; Auto               ; Auto               ;
; NOT Gate Push-Back                                               ; On                 ; On                 ;
; Power-Up Don't Care                                              ; On                 ; On                 ;
; Remove Redundant Logic Cells                                     ; Off                ; Off                ;
; Remove Duplicate Registers                                       ; On                 ; On                 ;
; Ignore CARRY Buffers                                             ; Off                ; Off                ;
; Ignore CASCADE Buffers                                           ; Off                ; Off                ;
; Ignore GLOBAL Buffers                                            ; Off                ; Off                ;
; Ignore ROW GLOBAL Buffers                                        ; Off                ; Off                ;
; Ignore LCELL Buffers                                             ; Off                ; Off                ;
; Ignore SOFT Buffers                                              ; On                 ; On                 ;
; Limit AHDL Integers to 32 Bits                                   ; Off                ; Off                ;
; Optimization Technique                                           ; Balanced           ; Balanced           ;
; Carry Chain Length                                               ; 70                 ; 70                 ;
; Auto Carry Chains                                                ; On                 ; On                 ;
; Auto Open-Drain Pins                                             ; On                 ; On                 ;
; Perform WYSIWYG Primitive Resynthesis                            ; Off                ; Off                ;
; Auto ROM Replacement                                             ; On                 ; On                 ;
; Auto RAM Replacement                                             ; On                 ; On                 ;
; Auto DSP Block Replacement                                       ; On                 ; On                 ;
; Auto Shift Register Replacement                                  ; Auto               ; Auto               ;
; Allow Shift Register Merging across Hierarchies                  ; Auto               ; Auto               ;
; Auto Clock Enable Replacement                                    ; On                 ; On                 ;
; Strict RAM Replacement                                           ; Off                ; Off                ;
; Allow Synchronous Control Signals                                ; On                 ; On                 ;
; Force Use of Synchronous Clear Signals                           ; Off                ; Off                ;
; Auto RAM Block Balancing                                         ; On                 ; On                 ;
; Auto RAM to Logic Cell Conversion                                ; Off                ; Off                ;
; Auto Resource Sharing                                            ; Off                ; Off                ;
; Allow Any RAM Size For Recognition                               ; Off                ; Off                ;
; Allow Any ROM Size For Recognition                               ; Off                ; Off                ;
; Allow Any Shift Register Size For Recognition                    ; Off                ; Off                ;
; Use LogicLock Constraints during Resource Balancing              ; On                 ; On                 ;
; Ignore translate_off and synthesis_off directives                ; Off                ; Off                ;
; Timing-Driven Synthesis                                          ; On                 ; On                 ;
; Report Parameter Settings                                        ; On                 ; On                 ;
; Report Source Assignments                                        ; On                 ; On                 ;
; Report Connectivity Checks                                       ; On                 ; On                 ;
; Ignore Maximum Fan-Out Assignments                               ; Off                ; Off                ;
; Synchronization Register Chain Length                            ; 2                  ; 2                  ;
; Power Optimization During Synthesis                              ; Normal compilation ; Normal compilation ;
; HDL message level                                                ; Level2             ; Level2             ;
; Suppress Register Optimization Related Messages                  ; Off                ; Off                ;
; Number of Removed Registers Reported in Synthesis Report         ; 5000               ; 5000               ;
; Number of Swept Nodes Reported in Synthesis Report               ; 5000               ; 5000               ;
; Number of Inverted Registers Reported in Synthesis Report        ; 100                ; 100                ;
; Clock MUX Protection                                             ; On                 ; On                 ;
; Auto Gated Clock Conversion                                      ; Off                ; Off                ;
; Block Design Naming                                              ; Auto               ; Auto               ;
; SDC constraint protection                                        ; Off                ; Off                ;
; Synthesis Effort                                                 ; Auto               ; Auto               ;
; Shift Register Replacement - Allow Asynchronous Clear Signal     ; On                 ; On                 ;
; Pre-Mapping Resynthesis Optimization                             ; Off                ; Off                ;
; Analysis & Synthesis Message Level                               ; Medium             ; Medium             ;
; Disable Register Merging Across Hierarchies                      ; Auto               ; Auto               ;
; Resource Aware Inference For Block RAM                           ; On                 ; On                 ;
+------------------------------------------------------------------+--------------------+--------------------+


+------------------------------------------+
; Parallel Compilation                     ;
+----------------------------+-------------+
; Processors                 ; Number      ;
+----------------------------+-------------+
; Number detected on machine ; 12          ;
; Maximum allowed            ; 12          ;
;                            ;             ;
; Average used               ; 1.00        ;
; Maximum used               ; 1           ;
;                            ;             ;
; Usage by Processor         ; % Time Used ;
;     Processor 1            ; 100.0%      ;
+----------------------------+-------------+


+--------------------------------------------------------------------------------------------------------------------------------------------------+
; Analysis & Synthesis Source Files Read                                                                                                           ;
+----------------------------------+-----------------+-----------------+-----------------------------------------------------------------+---------+
; File Name with User-Entered Path ; Used in Netlist ; File Type       ; File Name with Absolute Path                                    ; Library ;
+----------------------------------+-----------------+-----------------+-----------------------------------------------------------------+---------+
; OperatorSelector.vhd             ; yes             ; User VHDL File  ; A:/Documents/GitHub/CalculatorVHDL/OperatorSelector.vhd         ;         ;
; Fulladder.vhd                    ; yes             ; User VHDL File  ; A:/Documents/GitHub/CalculatorVHDL/Fulladder.vhd                ;         ;
; FSM.vhd                          ; yes             ; User VHDL File  ; A:/Documents/GitHub/CalculatorVHDL/FSM.vhd                      ;         ;
; BinaryAdderAndSubtractor.vhd     ; yes             ; User VHDL File  ; A:/Documents/GitHub/CalculatorVHDL/BinaryAdderAndSubtractor.vhd ;         ;
; CalculatorVHDL.vhd               ; yes             ; User VHDL File  ; A:/Documents/GitHub/CalculatorVHDL/CalculatorVHDL.vhd           ;         ;
+----------------------------------+-----------------+-----------------+-----------------------------------------------------------------+---------+


+-----------------------------------------------------------+
; Analysis & Synthesis Resource Usage Summary               ;
+---------------------------------------------+-------------+
; Resource                                    ; Usage       ;
+---------------------------------------------+-------------+
;                                             ;             ;
; Total combinational functions               ; 0           ;
; Logic element usage by number of LUT inputs ;             ;
;     -- 4 input functions                    ; 0           ;
;     -- 3 input functions                    ; 0           ;
;     -- <=2 input functions                  ; 0           ;
;                                             ;             ;
; Logic elements by mode                      ;             ;
;     -- normal mode                          ; 0           ;
;     -- arithmetic mode                      ; 0           ;
;                                             ;             ;
; Total registers                             ; 0           ;
;     -- Dedicated logic registers            ; 0           ;
;     -- I/O registers                        ; 0           ;
;                                             ;             ;
; I/O pins                                    ; 13          ;
;                                             ;             ;
; Embedded Multiplier 9-bit elements          ; 0           ;
;                                             ;             ;
; Maximum fan-out node                        ; SWITCHES[0] ;
; Maximum fan-out                             ; 1           ;
; Total fan-out                               ; 13          ;
; Average fan-out                             ; 0.50        ;
+---------------------------------------------+-------------+


+---------------------------------------------------------------------------------------------------------------------------------------------------------------------------------------------------------------------------------------+
; Analysis & Synthesis Resource Utilization by Entity                                                                                                                                                                                   ;
+----------------------------+---------------------+---------------------------+-------------+------------+--------------+---------+-----------+------+--------------+------------+---------------------+----------------+--------------+
; Compilation Hierarchy Node ; Combinational ALUTs ; Dedicated Logic Registers ; Memory Bits ; UFM Blocks ; DSP Elements ; DSP 9x9 ; DSP 18x18 ; Pins ; Virtual Pins ; ADC blocks ; Full Hierarchy Name ; Entity Name    ; Library Name ;
+----------------------------+---------------------+---------------------------+-------------+------------+--------------+---------+-----------+------+--------------+------------+---------------------+----------------+--------------+
; |CalculatorVHDL            ; 0 (0)               ; 0 (0)                     ; 0           ; 0          ; 0            ; 0       ; 0         ; 13   ; 0            ; 0          ; |CalculatorVHDL     ; CalculatorVHDL ; work         ;
+----------------------------+---------------------+---------------------------+-------------+------------+--------------+---------+-----------+------+--------------+------------+---------------------+----------------+--------------+
Note: For table entries with two numbers listed, the numbers in parentheses indicate the number of resources of the given type used by the specific entity alone. The numbers listed outside of parentheses indicate the total resources of the given type used by the specific entity and all of its sub-entities in the hierarchy.


Encoding Type:  One-Hot
+------------------------------------------------------------------------------------------------------------+
; State Machine - |CalculatorVHDL|FSM:FSM|current_state                                                      ;
+----------------------------+------------------------+----------------------------+-------------------------+
; Name                       ; current_state.FINISHED ; current_state.GET_OPERATOR ; current_state.GET_AandB ;
+----------------------------+------------------------+----------------------------+-------------------------+
; current_state.GET_AandB    ; 0                      ; 0                          ; 0                       ;
; current_state.GET_OPERATOR ; 0                      ; 1                          ; 1                       ;
; current_state.FINISHED     ; 1                      ; 0                          ; 1                       ;
+----------------------------+------------------------+----------------------------+-------------------------+


+------------------------------------------------------------+
; Registers Removed During Synthesis                         ;
+---------------------------------------+--------------------+
; Register name                         ; Reason for Removal ;
+---------------------------------------+--------------------+
; FSM:FSM|current_state.GET_AandB       ; Lost fanout        ;
; FSM:FSM|current_state.GET_OPERATOR    ; Lost fanout        ;
; FSM:FSM|current_state.FINISHED        ; Lost fanout        ;
; Total Number of Removed Registers = 3 ;                    ;
+---------------------------------------+--------------------+


+------------------------------------------------------+
; General Register Statistics                          ;
+----------------------------------------------+-------+
; Statistic                                    ; Value ;
+----------------------------------------------+-------+
; Total registers                              ; 0     ;
; Number of registers using Synchronous Clear  ; 0     ;
; Number of registers using Synchronous Load   ; 0     ;
; Number of registers using Asynchronous Clear ; 0     ;
; Number of registers using Asynchronous Load  ; 0     ;
; Number of registers using Clock Enable       ; 0     ;
; Number of registers using Preset             ; 0     ;
+----------------------------------------------+-------+


+-------------------------------------------------------------------------------------------------------------------------------------------------+
; Multiplexer Restructuring Statistics (Restructuring Performed)                                                                                  ;
+--------------------+-----------+---------------+----------------------+------------------------+------------+-----------------------------------+
; Multiplexer Inputs ; Bus Width ; Baseline Area ; Area if Restructured ; Saving if Restructured ; Registered ; Example Multiplexer Output        ;
+--------------------+-----------+---------------+----------------------+------------------------+------------+-----------------------------------+
; 5:1                ; 2 bits    ; 6 LEs         ; 4 LEs                ; 2 LEs                  ; No         ; |CalculatorVHDL|FSM:FSM|Selector1 ;
+--------------------+-----------+---------------+----------------------+------------------------+------------+-----------------------------------+


+--------------------------------------------------------------------------------+
; Parameter Settings for User Entity Instance: Top-level Entity: |CalculatorVHDL ;
+----------------+-------+-------------------------------------------------------+
; Parameter Name ; Value ; Type                                                  ;
+----------------+-------+-------------------------------------------------------+
; N              ; 5     ; Signed Integer                                        ;
+----------------+-------+-------------------------------------------------------+
Note: In order to hide this table in the UI and the text report file, please set the "Show Parameter Settings in Synthesis Report" option in "Analysis and Synthesis Settings -> More Settings" to "Off".


+------------------------------------------------------+
; Parameter Settings for User Entity Instance: FSM:FSM ;
+----------------+-------+-----------------------------+
; Parameter Name ; Value ; Type                        ;
+----------------+-------+-----------------------------+
; n              ; 5     ; Signed Integer              ;
+----------------+-------+-----------------------------+
Note: In order to hide this table in the UI and the text report file, please set the "Show Parameter Settings in Synthesis Report" option in "Analysis and Synthesis Settings -> More Settings" to "Off".


+-----------------------------------------------------------------------------+
; Parameter Settings for User Entity Instance: BinaryAdderAndSubtractor:Adder ;
+----------------+-------+----------------------------------------------------+
; Parameter Name ; Value ; Type                                               ;
+----------------+-------+----------------------------------------------------+
; n              ; 5     ; Signed Integer                                     ;
+----------------+-------+----------------------------------------------------+
Note: In order to hide this table in the UI and the text report file, please set the "Show Parameter Settings in Synthesis Report" option in "Analysis and Synthesis Settings -> More Settings" to "Off".


+----------------------------------------------------------------------------------+
; Parameter Settings for User Entity Instance: BinaryAdderAndSubtractor:Subtractor ;
+----------------+-------+---------------------------------------------------------+
; Parameter Name ; Value ; Type                                                    ;
+----------------+-------+---------------------------------------------------------+
; n              ; 5     ; Signed Integer                                          ;
+----------------+-------+---------------------------------------------------------+
Note: In order to hide this table in the UI and the text report file, please set the "Show Parameter Settings in Synthesis Report" option in "Analysis and Synthesis Settings -> More Settings" to "Off".


+----------------------------------------------------------------------------------------------------------------+
; Port Connectivity Checks: "BinaryAdderAndSubtractor:Subtractor"                                                ;
+------+--------+----------+-------------------------------------------------------------------------------------+
; Port ; Type   ; Severity ; Details                                                                             ;
+------+--------+----------+-------------------------------------------------------------------------------------+
; s    ; Output ; Info     ; Connected to dangling logic. Logic that only feeds a dangling port will be removed. ;
; c    ; Output ; Info     ; Connected to dangling logic. Logic that only feeds a dangling port will be removed. ;
; v    ; Output ; Info     ; Connected to dangling logic. Logic that only feeds a dangling port will be removed. ;
+------+--------+----------+-------------------------------------------------------------------------------------+


+----------------------------------------------------------------------------------------------------------------+
; Port Connectivity Checks: "BinaryAdderAndSubtractor:Adder"                                                     ;
+------+--------+----------+-------------------------------------------------------------------------------------+
; Port ; Type   ; Severity ; Details                                                                             ;
+------+--------+----------+-------------------------------------------------------------------------------------+
; s    ; Output ; Info     ; Connected to dangling logic. Logic that only feeds a dangling port will be removed. ;
; c    ; Output ; Info     ; Connected to dangling logic. Logic that only feeds a dangling port will be removed. ;
; v    ; Output ; Info     ; Connected to dangling logic. Logic that only feeds a dangling port will be removed. ;
+------+--------+----------+-------------------------------------------------------------------------------------+


+----------------------------------------------------------------------------------------------------------------------------+
; Port Connectivity Checks: "OperatorSelector:OperatorSelector"                                                              ;
+------------------+--------+----------+-------------------------------------------------------------------------------------+
; Port             ; Type   ; Severity ; Details                                                                             ;
+------------------+--------+----------+-------------------------------------------------------------------------------------+
; enaop_multiplier ; Output ; Info     ; Connected to dangling logic. Logic that only feeds a dangling port will be removed. ;
; enaop_divider    ; Output ; Info     ; Connected to dangling logic. Logic that only feeds a dangling port will be removed. ;
+------------------+--------+----------+-------------------------------------------------------------------------------------+


+-----------------------------------------------------+
; Post-Synthesis Netlist Statistics for Top Partition ;
+-------------------+---------------------------------+
; Type              ; Count                           ;
+-------------------+---------------------------------+
; boundary_port     ; 13                              ;
;                   ;                                 ;
; Max LUT depth     ; 0.00                            ;
; Average LUT depth ; 0.00                            ;
+-------------------+---------------------------------+


+-------------------------------+
; Elapsed Time Per Partition    ;
+----------------+--------------+
; Partition Name ; Elapsed Time ;
+----------------+--------------+
; Top            ; 00:00:00     ;
+----------------+--------------+


+-------------------------------+
; Analysis & Synthesis Messages ;
+-------------------------------+
Info: *******************************************************************
Info: Running Quartus Prime Analysis & Synthesis
    Info: Version 20.1.1 Build 720 11/11/2020 SJ Lite Edition
    Info: Processing started: Mon Oct 09 22:43:30 2023
Info: Command: quartus_map --read_settings_files=on --write_settings_files=off CalculatorVHDL -c CalculatorVHDL
Warning (18236): Number of processors has not been specified which may cause overloading on shared machines.  Set the global assignment NUM_PARALLEL_PROCESSORS in your QSF to an appropriate value for best performance.
Info (20030): Parallel compilation is enabled and will use 12 of the 12 processors detected
Info (12021): Found 2 design units, including 1 entities, in source file operatorselector.vhd
    Info (12022): Found design unit 1: OperatorSelector-Behavioral File: A:/Documents/GitHub/CalculatorVHDL/OperatorSelector.vhd Line: 13
    Info (12023): Found entity 1: OperatorSelector File: A:/Documents/GitHub/CalculatorVHDL/OperatorSelector.vhd Line: 5
Info (12021): Found 2 design units, including 1 entities, in source file fulladder.vhd
    Info (12022): Found design unit 1: Fulladder-Structural File: A:/Documents/GitHub/CalculatorVHDL/Fulladder.vhd Line: 10
    Info (12023): Found entity 1: Fulladder File: A:/Documents/GitHub/CalculatorVHDL/Fulladder.vhd Line: 4
Info (12021): Found 2 design units, including 1 entities, in source file fsm.vhd
    Info (12022): Found design unit 1: FSM-Behavioral File: A:/Documents/GitHub/CalculatorVHDL/FSM.vhd Line: 15
    Info (12023): Found entity 1: FSM File: A:/Documents/GitHub/CalculatorVHDL/FSM.vhd Line: 4
Info (12021): Found 2 design units, including 1 entities, in source file binaryadderandsubtractor.vhd
    Info (12022): Found design unit 1: BinaryAdderAndSubtractor-Structural File: A:/Documents/GitHub/CalculatorVHDL/BinaryAdderAndSubtractor.vhd Line: 17
    Info (12023): Found entity 1: BinaryAdderAndSubtractor File: A:/Documents/GitHub/CalculatorVHDL/BinaryAdderAndSubtractor.vhd Line: 6
Info (12021): Found 2 design units, including 1 entities, in source file calculatorvhdl.vhd
    Info (12022): Found design unit 1: CalculatorVHDL-Structural File: A:/Documents/GitHub/CalculatorVHDL/CalculatorVHDL.vhd Line: 14
    Info (12023): Found entity 1: CalculatorVHDL File: A:/Documents/GitHub/CalculatorVHDL/CalculatorVHDL.vhd Line: 5
Info (12127): Elaborating entity "CalculatorVHDL" for the top level hierarchy
Warning (10036): Verilog HDL or VHDL warning at CalculatorVHDL.vhd(18): object "TRIG_MUL" assigned a value but never read File: A:/Documents/GitHub/CalculatorVHDL/CalculatorVHDL.vhd Line: 18
Warning (10036): Verilog HDL or VHDL warning at CalculatorVHDL.vhd(18): object "TRIG_DIV" assigned a value but never read File: A:/Documents/GitHub/CalculatorVHDL/CalculatorVHDL.vhd Line: 18
Warning (10036): Verilog HDL or VHDL warning at CalculatorVHDL.vhd(19): object "RESULT_ADDandSUB" assigned a value but never read File: A:/Documents/GitHub/CalculatorVHDL/CalculatorVHDL.vhd Line: 19
Info (12129): Elaborating entity "FSM" using architecture "A:behavioral" for hierarchy "FSM:FSM" File: A:/Documents/GitHub/CalculatorVHDL/CalculatorVHDL.vhd Line: 23
Info (12129): Elaborating entity "OperatorSelector" using architecture "A:behavioral" for hierarchy "OperatorSelector:OperatorSelector" File: A:/Documents/GitHub/CalculatorVHDL/CalculatorVHDL.vhd Line: 35
Info (12129): Elaborating entity "BinaryAdderAndSubtractor" using architecture "A:structural" for hierarchy "BinaryAdderAndSubtractor:Adder" File: A:/Documents/GitHub/CalculatorVHDL/CalculatorVHDL.vhd Line: 46
Warning (10541): VHDL Signal Declaration warning at BinaryAdderAndSubtractor.vhd(12): used implicit default value for signal "c" because signal was never assigned a value or an explicit default value. Use of implicit default value may introduce unintended design optimizations. File: A:/Documents/GitHub/CalculatorVHDL/BinaryAdderAndSubtractor.vhd Line: 12
Info (12128): Elaborating entity "Fulladder" for hierarchy "BinaryAdderAndSubtractor:Adder|Fulladder:FA0" File: A:/Documents/GitHub/CalculatorVHDL/BinaryAdderAndSubtractor.vhd Line: 27
Info (17049): 3 registers lost all their fanouts during netlist optimizations.
Info (16010): Generating hard_block partition "hard_block:auto_generated_inst"
    Info (16011): Adding 0 node(s), including 0 DDIO, 0 PLL, 0 transceiver and 0 LCELL
Warning (21074): Design contains 13 input pin(s) that do not drive logic
    Warning (15610): No output dependent on input pin "SWITCHES[0]" File: A:/Documents/GitHub/CalculatorVHDL/CalculatorVHDL.vhd Line: 9
    Warning (15610): No output dependent on input pin "SWITCHES[1]" File: A:/Documents/GitHub/CalculatorVHDL/CalculatorVHDL.vhd Line: 9
    Warning (15610): No output dependent on input pin "SWITCHES[2]" File: A:/Documents/GitHub/CalculatorVHDL/CalculatorVHDL.vhd Line: 9
    Warning (15610): No output dependent on input pin "SWITCHES[3]" File: A:/Documents/GitHub/CalculatorVHDL/CalculatorVHDL.vhd Line: 9
    Warning (15610): No output dependent on input pin "SWITCHES[4]" File: A:/Documents/GitHub/CalculatorVHDL/CalculatorVHDL.vhd Line: 9
    Warning (15610): No output dependent on input pin "SWITCHES[5]" File: A:/Documents/GitHub/CalculatorVHDL/CalculatorVHDL.vhd Line: 9
    Warning (15610): No output dependent on input pin "SWITCHES[6]" File: A:/Documents/GitHub/CalculatorVHDL/CalculatorVHDL.vhd Line: 9
    Warning (15610): No output dependent on input pin "SWITCHES[7]" File: A:/Documents/GitHub/CalculatorVHDL/CalculatorVHDL.vhd Line: 9
    Warning (15610): No output dependent on input pin "SWITCHES[8]" File: A:/Documents/GitHub/CalculatorVHDL/CalculatorVHDL.vhd Line: 9
    Warning (15610): No output dependent on input pin "SWITCHES[9]" File: A:/Documents/GitHub/CalculatorVHDL/CalculatorVHDL.vhd Line: 9
    Warning (15610): No output dependent on input pin "Start" File: A:/Documents/GitHub/CalculatorVHDL/CalculatorVHDL.vhd Line: 8
    Warning (15610): No output dependent on input pin "CLK" File: A:/Documents/GitHub/CalculatorVHDL/CalculatorVHDL.vhd Line: 8
    Warning (15610): No output dependent on input pin "RST_N" File: A:/Documents/GitHub/CalculatorVHDL/CalculatorVHDL.vhd Line: 8
Info (21057): Implemented 13 device resources after synthesis - the final resource count might be different
    Info (21058): Implemented 13 input pins
    Info (21059): Implemented 0 output pins
Info: Quartus Prime Analysis & Synthesis was successful. 0 errors, 19 warnings
    Info: Peak virtual memory: 4787 megabytes
    Info: Processing ended: Mon Oct 09 22:43:40 2023
    Info: Elapsed time: 00:00:10
    Info: Total CPU time (on all processors): 00:00:10


